<?xml version="1.0" encoding="UTF-8"?>
<!-- Generated by org.testng.reporters.JUnitReportReporter -->
<testsuite hostname="LAPTOP-D8MNEAJ7" failures="0" tests="7" name="com.automation.testcase.TC_LoginTest" time="101.300" errors="0" timestamp="2023-06-14T13:13:42 ICT" skipped="0">
  <testcase classname="com.automation.testcase.TC_LoginTest" name="testcase" time="13.605"/>
  <system-out/>
  <testcase classname="com.automation.testcase.TC_LoginTest" name="testcase" time="12.889"/>
  <system-out/>
  <testcase classname="com.automation.testcase.TC_LoginTest" name="testcase" time="13.355"/>
  <system-out/>
  <testcase classname="com.automation.testcase.TC_LoginTest" name="testcase" time="16.420"/>
  <system-out/>
  <testcase classname="com.automation.testcase.TC_LoginTest" name="testcase" time="12.474"/>
  <system-out/>
  <testcase classname="com.automation.testcase.TC_LoginTest" name="testcase" time="13.409"/>
  <system-out/>
  <testcase classname="com.automation.testcase.TC_LoginTest" name="testcase" time="19.148"/>
  <system-out/>
</testsuite> <!-- com.automation.testcase.TC_LoginTest -->
